# JRE version: OpenJDK Runtime Environment Corretto-17.0.10.7.1 (17.0.10+7) (build 17.0.10+7-LTS)
# Java VM: OpenJDK 64-Bit Server VM Corretto-17.0.10.7.1 (17.0.10+7-LTS, mixed mode, sharing, tiered, compressed oops, compressed class ptrs, g1 gc, windows-amd64)
GC Precious Log:
 CPUs: 4 total, 4 available
 Memory: 13931M
 Large Page Support: Disabled
 NUMA Support: Disabled
 Compressed Oops: Enabled (Zero based)
 Heap Region Size: 2M
 Heap Min Capacity: 8M
 Heap Initial Capacity: 218M
 Heap Max Capacity: 3484M
 Pre-touch: Disabled
 Parallel Workers: 4
 Concurrent Workers: 1
 Concurrent Refinement Workers: 4
 Periodic GC: Disabled
Heap:
 garbage-first heap   total 817152K, used 429831K [0x0000000726400000, 0x0000000800000000)
  region size 2048K, 104 young (212992K), 1 survivors (2048K)
 Metaspace       used 85184K, committed 85888K, reserved 1179648K
  class space    used 11311K, committed 11584K, reserved 1048576K
GC Heap History (20 events):
Event: 61.375 GC heap before
{Heap before GC invocations=38 (full 0):
 garbage-first heap   total 817152K, used 554100K [0x0000000726400000, 0x0000000800000000)
  region size 2048K, 180 young (368640K), 4 survivors (8192K)
 Metaspace       used 84474K, committed 85120K, reserved 1179648K
  class space    used 11300K, committed 11584K, reserved 1048576K
}
Event: 61.406 GC heap after
{Heap after GC invocations=39 (full 0):
 garbage-first heap   total 817152K, used 223536K [0x0000000726400000, 0x0000000800000000)
  region size 2048K, 17 young (34816K), 17 survivors (34816K)
 Metaspace       used 84474K, committed 85120K, reserved 1179648K
  class space    used 11300K, committed 11584K, reserved 1048576K
}
Event: 61.538 GC heap before
{Heap before GC invocations=39 (full 0):
 garbage-first heap   total 817152K, used 227632K [0x0000000726400000, 0x0000000800000000)
  region size 2048K, 19 young (38912K), 17 survivors (34816K)
 Metaspace       used 84495K, committed 85184K, reserved 1179648K
  class space    used 11300K, committed 11584K, reserved 1048576K
}
Event: 61.555 GC heap after
{Heap after GC invocations=40 (full 0):
 garbage-first heap   total 817152K, used 224431K [0x0000000726400000, 0x0000000800000000)
  region size 2048K, 2 young (4096K), 2 survivors (4096K)
 Metaspace       used 84495K, committed 85184K, reserved 1179648K
  class space    used 11300K, committed 11584K, reserved 1048576K
}
Event: 72.229 GC heap before
{Heap before GC invocations=40 (full 0):
 garbage-first heap   total 817152K, used 560303K [0x0000000726400000, 0x0000000800000000)
  region size 2048K, 166 young (339968K), 2 survivors (4096K)
 Metaspace       used 84773K, committed 85440K, reserved 1179648K
  class space    used 11302K, committed 11584K, reserved 1048576K
}
Event: 72.231 GC heap after
{Heap after GC invocations=41 (full 0):
 garbage-first heap   total 817152K, used 221529K [0x0000000726400000, 0x0000000800000000)
  region size 2048K, 1 young (2048K), 1 survivors (2048K)
 Metaspace       used 84773K, committed 85440K, reserved 1179648K
  class space    used 11302K, committed 11584K, reserved 1048576K
}
Event: 82.070 GC heap before
{Heap before GC invocations=41 (full 0):
 garbage-first heap   total 817152K, used 602457K [0x0000000726400000, 0x0000000800000000)
  region size 2048K, 187 young (382976K), 1 survivors (2048K)
 Metaspace       used 84916K, committed 85568K, reserved 1179648K
  class space    used 11303K, committed 11584K, reserved 1048576K
}
Event: 82.072 GC heap after
{Heap after GC invocations=42 (full 0):
 garbage-first heap   total 817152K, used 220856K [0x0000000726400000, 0x0000000800000000)
  region size 2048K, 1 young (2048K), 1 survivors (2048K)
 Metaspace       used 84916K, committed 85568K, reserved 1179648K
  class space    used 11303K, committed 11584K, reserved 1048576K
}
Event: 93.045 GC heap before
{Heap before GC invocations=42 (full 0):
 garbage-first heap   total 817152K, used 646840K [0x0000000726400000, 0x0000000800000000)
  region size 2048K, 209 young (428032K), 1 survivors (2048K)
 Metaspace       used 84986K, committed 85632K, reserved 1179648K
  class space    used 11307K, committed 11584K, reserved 1048576K
}
Event: 93.047 GC heap after
{Heap after GC invocations=43 (full 0):
 garbage-first heap   total 817152K, used 220752K [0x0000000726400000, 0x0000000800000000)
  region size 2048K, 1 young (2048K), 1 survivors (2048K)
 Metaspace       used 84986K, committed 85632K, reserved 1179648K
  class space    used 11307K, committed 11584K, reserved 1048576K
}
Event: 105.984 GC heap before
{Heap before GC invocations=43 (full 0):
 garbage-first heap   total 817152K, used 665168K [0x0000000726400000, 0x0000000800000000)
  region size 2048K, 218 young (446464K), 1 survivors (2048K)
 Metaspace       used 85016K, committed 85632K, reserved 1179648K
  class space    used 11307K, committed 11584K, reserved 1048576K
}
Event: 105.986 GC heap after
{Heap after GC invocations=44 (full 0):
 garbage-first heap   total 817152K, used 220872K [0x0000000726400000, 0x0000000800000000)
  region size 2048K, 1 young (2048K), 1 survivors (2048K)
 Metaspace       used 85016K, committed 85632K, reserved 1179648K
  class space    used 11307K, committed 11584K, reserved 1048576K
}
Event: 120.403 GC heap before
{Heap before GC invocations=44 (full 0):
 garbage-first heap   total 817152K, used 679624K [0x0000000726400000, 0x0000000800000000)
  region size 2048K, 225 young (460800K), 1 survivors (2048K)
 Metaspace       used 85063K, committed 85760K, reserved 1179648K
  class space    used 11307K, committed 11584K, reserved 1048576K
}
Event: 120.405 GC heap after
{Heap after GC invocations=45 (full 0):
 garbage-first heap   total 817152K, used 220988K [0x0000000726400000, 0x0000000800000000)
  region size 2048K, 1 young (2048K), 1 survivors (2048K)
 Metaspace       used 85063K, committed 85760K, reserved 1179648K
  class space    used 11307K, committed 11584K, reserved 1048576K
}
Event: 136.385 GC heap before
{Heap before GC invocations=45 (full 0):
 garbage-first heap   total 817152K, used 689980K [0x0000000726400000, 0x0000000800000000)
  region size 2048K, 230 young (471040K), 1 survivors (2048K)
 Metaspace       used 85106K, committed 85760K, reserved 1179648K
  class space    used 11307K, committed 11584K, reserved 1048576K
}
Event: 136.388 GC heap after
{Heap after GC invocations=46 (full 0):
 garbage-first heap   total 817152K, used 220933K [0x0000000726400000, 0x0000000800000000)
  region size 2048K, 1 young (2048K), 1 survivors (2048K)
 Metaspace       used 85106K, committed 85760K, reserved 1179648K
  class space    used 11307K, committed 11584K, reserved 1048576K
}
Event: 150.591 GC heap before
{Heap before GC invocations=46 (full 0):
 garbage-first heap   total 817152K, used 698117K [0x0000000726400000, 0x0000000800000000)
  region size 2048K, 234 young (479232K), 1 survivors (2048K)
 Metaspace       used 85124K, committed 85760K, reserved 1179648K
  class space    used 11308K, committed 11584K, reserved 1048576K
}
Event: 150.594 GC heap after
{Heap after GC invocations=47 (full 0):
 garbage-first heap   total 817152K, used 220872K [0x0000000726400000, 0x0000000800000000)
  region size 2048K, 1 young (2048K), 1 survivors (2048K)
 Metaspace       used 85124K, committed 85760K, reserved 1179648K
  class space    used 11308K, committed 11584K, reserved 1048576K
}
Event: 165.497 GC heap before
{Heap before GC invocations=47 (full 0):
 garbage-first heap   total 817152K, used 706248K [0x0000000726400000, 0x0000000800000000)
  region size 2048K, 238 young (487424K), 1 survivors (2048K)
 Metaspace       used 85169K, committed 85824K, reserved 1179648K
  class space    used 11309K, committed 11584K, reserved 1048576K
}
Event: 165.499 GC heap after
{Heap after GC invocations=48 (full 0):
 garbage-first heap   total 817152K, used 220935K [0x0000000726400000, 0x0000000800000000)
  region size 2048K, 1 young (2048K), 1 survivors (2048K)
 Metaspace       used 85169K, committed 85824K, reserved 1179648K
  class space    used 11309K, committed 11584K, reserved 1048576K
}

