# JRE version: OpenJDK Runtime Environment Corretto-17.0.10.7.1 (17.0.10+7) (build 17.0.10+7-LTS)
# Java VM: OpenJDK 64-Bit Server VM Corretto-17.0.10.7.1 (17.0.10+7-LTS, mixed mode, sharing, tiered, compressed oops, compressed class ptrs, g1 gc, windows-amd64)
GC Precious Log:
 CPUs: 4 total, 4 available
 Memory: 13931M
 Large Page Support: Disabled
 NUMA Support: Disabled
 Compressed Oops: Enabled (Zero based)
 Heap Region Size: 2M
 Heap Min Capacity: 8M
 Heap Initial Capacity: 218M
 Heap Max Capacity: 3484M
 Pre-touch: Disabled
 Parallel Workers: 4
 Concurrent Workers: 1
 Concurrent Refinement Workers: 4
 Periodic GC: Disabled
Heap:
 garbage-first heap   total 458752K, used 383187K [0x0000000726400000, 0x0000000800000000)
  region size 2048K, 78 young (159744K), 1 survivors (2048K)
 Metaspace       used 85692K, committed 86400K, reserved 1179648K
  class space    used 11366K, committed 11712K, reserved 1048576K
GC Heap History (20 events):
Event: 217.496 GC heap before
{Heap before GC invocations=94 (full 0):
 garbage-first heap   total 458752K, used 405687K [0x0000000726400000, 0x0000000800000000)
  region size 2048K, 88 young (180224K), 1 survivors (2048K)
 Metaspace       used 85661K, committed 86400K, reserved 1179648K
  class space    used 11363K, committed 11712K, reserved 1048576K
}
Event: 217.497 GC heap after
{Heap after GC invocations=95 (full 0):
 garbage-first heap   total 458752K, used 227515K [0x0000000726400000, 0x0000000800000000)
  region size 2048K, 1 young (2048K), 1 survivors (2048K)
 Metaspace       used 85661K, committed 86400K, reserved 1179648K
  class space    used 11363K, committed 11712K, reserved 1048576K
}
Event: 220.259 GC heap before
{Heap before GC invocations=95 (full 0):
 garbage-first heap   total 458752K, used 405691K [0x0000000726400000, 0x0000000800000000)
  region size 2048K, 88 young (180224K), 1 survivors (2048K)
 Metaspace       used 85673K, committed 86400K, reserved 1179648K
  class space    used 11363K, committed 11712K, reserved 1048576K
}
Event: 220.261 GC heap after
{Heap after GC invocations=96 (full 0):
 garbage-first heap   total 458752K, used 227558K [0x0000000726400000, 0x0000000800000000)
  region size 2048K, 1 young (2048K), 1 survivors (2048K)
 Metaspace       used 85673K, committed 86400K, reserved 1179648K
  class space    used 11363K, committed 11712K, reserved 1048576K
}
Event: 223.039 GC heap before
{Heap before GC invocations=96 (full 0):
 garbage-first heap   total 458752K, used 405734K [0x0000000726400000, 0x0000000800000000)
  region size 2048K, 88 young (180224K), 1 survivors (2048K)
 Metaspace       used 85673K, committed 86400K, reserved 1179648K
  class space    used 11363K, committed 11712K, reserved 1048576K
}
Event: 223.040 GC heap after
{Heap after GC invocations=97 (full 0):
 garbage-first heap   total 458752K, used 227546K [0x0000000726400000, 0x0000000800000000)
  region size 2048K, 1 young (2048K), 1 survivors (2048K)
 Metaspace       used 85673K, committed 86400K, reserved 1179648K
  class space    used 11363K, committed 11712K, reserved 1048576K
}
Event: 225.829 GC heap before
{Heap before GC invocations=97 (full 0):
 garbage-first heap   total 458752K, used 405722K [0x0000000726400000, 0x0000000800000000)
  region size 2048K, 88 young (180224K), 1 survivors (2048K)
 Metaspace       used 85675K, committed 86400K, reserved 1179648K
  class space    used 11363K, committed 11712K, reserved 1048576K
}
Event: 225.830 GC heap after
{Heap after GC invocations=98 (full 0):
 garbage-first heap   total 458752K, used 227525K [0x0000000726400000, 0x0000000800000000)
  region size 2048K, 1 young (2048K), 1 survivors (2048K)
 Metaspace       used 85675K, committed 86400K, reserved 1179648K
  class space    used 11363K, committed 11712K, reserved 1048576K
}
Event: 228.557 GC heap before
{Heap before GC invocations=98 (full 0):
 garbage-first heap   total 458752K, used 405701K [0x0000000726400000, 0x0000000800000000)
  region size 2048K, 88 young (180224K), 1 survivors (2048K)
 Metaspace       used 85675K, committed 86400K, reserved 1179648K
  class space    used 11363K, committed 11712K, reserved 1048576K
}
Event: 228.558 GC heap after
{Heap after GC invocations=99 (full 0):
 garbage-first heap   total 458752K, used 227529K [0x0000000726400000, 0x0000000800000000)
  region size 2048K, 1 young (2048K), 1 survivors (2048K)
 Metaspace       used 85675K, committed 86400K, reserved 1179648K
  class space    used 11363K, committed 11712K, reserved 1048576K
}
Event: 231.269 GC heap before
{Heap before GC invocations=99 (full 0):
 garbage-first heap   total 458752K, used 405705K [0x0000000726400000, 0x0000000800000000)
  region size 2048K, 88 young (180224K), 1 survivors (2048K)
 Metaspace       used 85675K, committed 86400K, reserved 1179648K
  class space    used 11363K, committed 11712K, reserved 1048576K
}
Event: 231.270 GC heap after
{Heap after GC invocations=100 (full 0):
 garbage-first heap   total 458752K, used 227525K [0x0000000726400000, 0x0000000800000000)
  region size 2048K, 1 young (2048K), 1 survivors (2048K)
 Metaspace       used 85675K, committed 86400K, reserved 1179648K
  class space    used 11363K, committed 11712K, reserved 1048576K
}
Event: 233.899 GC heap before
{Heap before GC invocations=100 (full 0):
 garbage-first heap   total 458752K, used 405701K [0x0000000726400000, 0x0000000800000000)
  region size 2048K, 88 young (180224K), 1 survivors (2048K)
 Metaspace       used 85675K, committed 86400K, reserved 1179648K
  class space    used 11363K, committed 11712K, reserved 1048576K
}
Event: 233.901 GC heap after
{Heap after GC invocations=101 (full 0):
 garbage-first heap   total 458752K, used 227523K [0x0000000726400000, 0x0000000800000000)
  region size 2048K, 1 young (2048K), 1 survivors (2048K)
 Metaspace       used 85675K, committed 86400K, reserved 1179648K
  class space    used 11363K, committed 11712K, reserved 1048576K
}
Event: 236.550 GC heap before
{Heap before GC invocations=101 (full 0):
 garbage-first heap   total 458752K, used 405699K [0x0000000726400000, 0x0000000800000000)
  region size 2048K, 88 young (180224K), 1 survivors (2048K)
 Metaspace       used 85675K, committed 86400K, reserved 1179648K
  class space    used 11363K, committed 11712K, reserved 1048576K
}
Event: 236.552 GC heap after
{Heap after GC invocations=102 (full 0):
 garbage-first heap   total 458752K, used 227512K [0x0000000726400000, 0x0000000800000000)
  region size 2048K, 1 young (2048K), 1 survivors (2048K)
 Metaspace       used 85675K, committed 86400K, reserved 1179648K
  class space    used 11363K, committed 11712K, reserved 1048576K
}
Event: 239.319 GC heap before
{Heap before GC invocations=102 (full 0):
 garbage-first heap   total 458752K, used 405688K [0x0000000726400000, 0x0000000800000000)
  region size 2048K, 88 young (180224K), 1 survivors (2048K)
 Metaspace       used 85677K, committed 86400K, reserved 1179648K
  class space    used 11363K, committed 11712K, reserved 1048576K
}
Event: 239.320 GC heap after
{Heap after GC invocations=103 (full 0):
 garbage-first heap   total 458752K, used 227534K [0x0000000726400000, 0x0000000800000000)
  region size 2048K, 1 young (2048K), 1 survivors (2048K)
 Metaspace       used 85677K, committed 86400K, reserved 1179648K
  class space    used 11363K, committed 11712K, reserved 1048576K
}
Event: 241.512 GC heap before
{Heap before GC invocations=103 (full 0):
 garbage-first heap   total 458752K, used 405710K [0x0000000726400000, 0x0000000800000000)
  region size 2048K, 88 young (180224K), 1 survivors (2048K)
 Metaspace       used 85677K, committed 86400K, reserved 1179648K
  class space    used 11363K, committed 11712K, reserved 1048576K
}
Event: 241.513 GC heap after
{Heap after GC invocations=104 (full 0):
 garbage-first heap   total 458752K, used 227539K [0x0000000726400000, 0x0000000800000000)
  region size 2048K, 1 young (2048K), 1 survivors (2048K)
 Metaspace       used 85677K, committed 86400K, reserved 1179648K
  class space    used 11363K, committed 11712K, reserved 1048576K
}

