# JRE version: OpenJDK Runtime Environment Corretto-17.0.10.7.1 (17.0.10+7) (build 17.0.10+7-LTS)
# Java VM: OpenJDK 64-Bit Server VM Corretto-17.0.10.7.1 (17.0.10+7-LTS, mixed mode, sharing, tiered, compressed oops, compressed class ptrs, g1 gc, windows-amd64)
GC Precious Log:
 CPUs: 4 total, 4 available
 Memory: 13931M
 Large Page Support: Disabled
 NUMA Support: Disabled
 Compressed Oops: Enabled (Zero based)
 Heap Region Size: 2M
 Heap Min Capacity: 8M
 Heap Initial Capacity: 218M
 Heap Max Capacity: 3484M
 Pre-touch: Disabled
 Parallel Workers: 4
 Concurrent Workers: 1
 Concurrent Refinement Workers: 4
 Periodic GC: Disabled
Heap:
 garbage-first heap   total 731136K, used 379188K [0x0000000726400000, 0x0000000800000000)
  region size 2048K, 85 young (174080K), 1 survivors (2048K)
 Metaspace       used 86091K, committed 86720K, reserved 1179648K
  class space    used 11365K, committed 11648K, reserved 1048576K
GC Heap History (20 events):
Event: 208.057 GC heap before
{Heap before GC invocations=61 (full 0):
 garbage-first heap   total 731136K, used 639280K [0x0000000726400000, 0x0000000800000000)
  region size 2048K, 208 young (425984K), 2 survivors (4096K)
 Metaspace       used 86014K, committed 86720K, reserved 1179648K
  class space    used 11363K, committed 11648K, reserved 1048576K
}
Event: 208.059 GC heap after
{Heap after GC invocations=62 (full 0):
 garbage-first heap   total 731136K, used 217416K [0x0000000726400000, 0x0000000800000000)
  region size 2048K, 2 young (4096K), 2 survivors (4096K)
 Metaspace       used 86014K, committed 86720K, reserved 1179648K
  class space    used 11363K, committed 11648K, reserved 1048576K
}
Event: 208.461 GC heap before
{Heap before GC invocations=62 (full 0):
 garbage-first heap   total 731136K, used 248136K [0x0000000726400000, 0x0000000800000000)
  region size 2048K, 17 young (34816K), 2 survivors (4096K)
 Metaspace       used 86014K, committed 86720K, reserved 1179648K
  class space    used 11363K, committed 11648K, reserved 1048576K
}
Event: 208.465 GC heap after
{Heap after GC invocations=63 (full 0):
 garbage-first heap   total 731136K, used 209448K [0x0000000726400000, 0x0000000800000000)
  region size 2048K, 1 young (2048K), 1 survivors (2048K)
 Metaspace       used 86014K, committed 86720K, reserved 1179648K
  class space    used 11363K, committed 11648K, reserved 1048576K
}
Event: 213.688 GC heap before
{Heap before GC invocations=63 (full 0):
 garbage-first heap   total 731136K, used 645672K [0x0000000726400000, 0x0000000800000000)
  region size 2048K, 214 young (438272K), 1 survivors (2048K)
 Metaspace       used 86017K, committed 86720K, reserved 1179648K
  class space    used 11363K, committed 11648K, reserved 1048576K
}
Event: 213.690 GC heap after
{Heap after GC invocations=64 (full 0):
 garbage-first heap   total 731136K, used 209339K [0x0000000726400000, 0x0000000800000000)
  region size 2048K, 1 young (2048K), 1 survivors (2048K)
 Metaspace       used 86017K, committed 86720K, reserved 1179648K
  class space    used 11363K, committed 11648K, reserved 1048576K
}
Event: 219.087 GC heap before
{Heap before GC invocations=64 (full 0):
 garbage-first heap   total 731136K, used 645563K [0x0000000726400000, 0x0000000800000000)
  region size 2048K, 214 young (438272K), 1 survivors (2048K)
 Metaspace       used 86019K, committed 86720K, reserved 1179648K
  class space    used 11363K, committed 11648K, reserved 1048576K
}
Event: 219.089 GC heap after
{Heap after GC invocations=65 (full 0):
 garbage-first heap   total 731136K, used 209227K [0x0000000726400000, 0x0000000800000000)
  region size 2048K, 1 young (2048K), 1 survivors (2048K)
 Metaspace       used 86019K, committed 86720K, reserved 1179648K
  class space    used 11363K, committed 11648K, reserved 1048576K
}
Event: 225.579 GC heap before
{Heap before GC invocations=65 (full 0):
 garbage-first heap   total 731136K, used 645451K [0x0000000726400000, 0x0000000800000000)
  region size 2048K, 214 young (438272K), 1 survivors (2048K)
 Metaspace       used 86024K, committed 86720K, reserved 1179648K
  class space    used 11363K, committed 11648K, reserved 1048576K
}
Event: 225.581 GC heap after
{Heap after GC invocations=66 (full 0):
 garbage-first heap   total 731136K, used 209169K [0x0000000726400000, 0x0000000800000000)
  region size 2048K, 1 young (2048K), 1 survivors (2048K)
 Metaspace       used 86024K, committed 86720K, reserved 1179648K
  class space    used 11363K, committed 11648K, reserved 1048576K
}
Event: 231.875 GC heap before
{Heap before GC invocations=66 (full 0):
 garbage-first heap   total 731136K, used 645393K [0x0000000726400000, 0x0000000800000000)
  region size 2048K, 214 young (438272K), 1 survivors (2048K)
 Metaspace       used 86024K, committed 86720K, reserved 1179648K
  class space    used 11363K, committed 11648K, reserved 1048576K
}
Event: 231.877 GC heap after
{Heap after GC invocations=67 (full 0):
 garbage-first heap   total 731136K, used 209233K [0x0000000726400000, 0x0000000800000000)
  region size 2048K, 1 young (2048K), 1 survivors (2048K)
 Metaspace       used 86024K, committed 86720K, reserved 1179648K
  class space    used 11363K, committed 11648K, reserved 1048576K
}
Event: 237.787 GC heap before
{Heap before GC invocations=67 (full 0):
 garbage-first heap   total 731136K, used 645457K [0x0000000726400000, 0x0000000800000000)
  region size 2048K, 214 young (438272K), 1 survivors (2048K)
 Metaspace       used 86052K, committed 86720K, reserved 1179648K
  class space    used 11363K, committed 11648K, reserved 1048576K
}
Event: 237.789 GC heap after
{Heap after GC invocations=68 (full 0):
 garbage-first heap   total 731136K, used 209371K [0x0000000726400000, 0x0000000800000000)
  region size 2048K, 1 young (2048K), 1 survivors (2048K)
 Metaspace       used 86052K, committed 86720K, reserved 1179648K
  class space    used 11363K, committed 11648K, reserved 1048576K
}
Event: 243.925 GC heap before
{Heap before GC invocations=68 (full 0):
 garbage-first heap   total 731136K, used 645595K [0x0000000726400000, 0x0000000800000000)
  region size 2048K, 214 young (438272K), 1 survivors (2048K)
 Metaspace       used 86074K, committed 86720K, reserved 1179648K
  class space    used 11363K, committed 11648K, reserved 1048576K
}
Event: 243.926 GC heap after
{Heap after GC invocations=69 (full 0):
 garbage-first heap   total 731136K, used 209456K [0x0000000726400000, 0x0000000800000000)
  region size 2048K, 1 young (2048K), 1 survivors (2048K)
 Metaspace       used 86074K, committed 86720K, reserved 1179648K
  class space    used 11363K, committed 11648K, reserved 1048576K
}
Event: 249.664 GC heap before
{Heap before GC invocations=69 (full 0):
 garbage-first heap   total 731136K, used 645680K [0x0000000726400000, 0x0000000800000000)
  region size 2048K, 214 young (438272K), 1 survivors (2048K)
 Metaspace       used 86075K, committed 86720K, reserved 1179648K
  class space    used 11363K, committed 11648K, reserved 1048576K
}
Event: 249.667 GC heap after
{Heap after GC invocations=70 (full 0):
 garbage-first heap   total 731136K, used 209263K [0x0000000726400000, 0x0000000800000000)
  region size 2048K, 1 young (2048K), 1 survivors (2048K)
 Metaspace       used 86075K, committed 86720K, reserved 1179648K
  class space    used 11363K, committed 11648K, reserved 1048576K
}
Event: 256.500 GC heap before
{Heap before GC invocations=70 (full 0):
 garbage-first heap   total 731136K, used 645487K [0x0000000726400000, 0x0000000800000000)
  region size 2048K, 214 young (438272K), 1 survivors (2048K)
 Metaspace       used 86078K, committed 86720K, reserved 1179648K
  class space    used 11363K, committed 11648K, reserved 1048576K
}
Event: 256.501 GC heap after
{Heap after GC invocations=71 (full 0):
 garbage-first heap   total 731136K, used 209204K [0x0000000726400000, 0x0000000800000000)
  region size 2048K, 1 young (2048K), 1 survivors (2048K)
 Metaspace       used 86078K, committed 86720K, reserved 1179648K
  class space    used 11363K, committed 11648K, reserved 1048576K
}

