# JRE version: OpenJDK Runtime Environment Corretto-17.0.10.7.1 (17.0.10+7) (build 17.0.10+7-LTS)
# Java VM: OpenJDK 64-Bit Server VM Corretto-17.0.10.7.1 (17.0.10+7-LTS, mixed mode, sharing, tiered, compressed oops, compressed class ptrs, g1 gc, windows-amd64)
GC Precious Log:
 CPUs: 4 total, 4 available
 Memory: 13931M
 Large Page Support: Disabled
 NUMA Support: Disabled
 Compressed Oops: Enabled (Zero based)
 Heap Region Size: 2M
 Heap Min Capacity: 8M
 Heap Initial Capacity: 218M
 Heap Max Capacity: 3484M
 Pre-touch: Disabled
 Parallel Workers: 4
 Concurrent Workers: 1
 Concurrent Refinement Workers: 4
 Periodic GC: Disabled
Heap:
 garbage-first heap   total 397312K, used 259134K [0x0000000726400000, 0x0000000800000000)
  region size 2048K, 29 young (59392K), 2 survivors (4096K)
 Metaspace       used 86309K, committed 87040K, reserved 1179648K
  class space    used 11349K, committed 11712K, reserved 1048576K
GC Heap History (20 events):
Event: 49.412 GC heap before
{Heap before GC invocations=40 (full 0):
 garbage-first heap   total 397312K, used 233472K [0x0000000726400000, 0x0000000800000000)
  region size 2048K, 9 young (18432K), 7 survivors (14336K)
 Metaspace       used 85068K, committed 85760K, reserved 1179648K
  class space    used 11327K, committed 11648K, reserved 1048576K
}
Event: 49.420 GC heap after
{Heap after GC invocations=41 (full 0):
 garbage-first heap   total 397312K, used 219874K [0x0000000726400000, 0x0000000800000000)
  region size 2048K, 1 young (2048K), 1 survivors (2048K)
 Metaspace       used 85068K, committed 85760K, reserved 1179648K
  class space    used 11327K, committed 11648K, reserved 1048576K
}
Event: 52.422 GC heap before
{Heap before GC invocations=41 (full 0):
 garbage-first heap   total 397312K, used 309986K [0x0000000726400000, 0x0000000800000000)
  region size 2048K, 45 young (92160K), 1 survivors (2048K)
 Metaspace       used 85406K, committed 86144K, reserved 1179648K
  class space    used 11327K, committed 11648K, reserved 1048576K
}
Event: 52.425 GC heap after
{Heap after GC invocations=42 (full 0):
 garbage-first heap   total 397312K, used 218243K [0x0000000726400000, 0x0000000800000000)
  region size 2048K, 1 young (2048K), 1 survivors (2048K)
 Metaspace       used 85406K, committed 86144K, reserved 1179648K
  class space    used 11327K, committed 11648K, reserved 1048576K
}
Event: 55.405 GC heap before
{Heap before GC invocations=43 (full 0):
 garbage-first heap   total 397312K, used 310403K [0x0000000726400000, 0x0000000800000000)
  region size 2048K, 49 young (100352K), 1 survivors (2048K)
 Metaspace       used 85576K, committed 86336K, reserved 1179648K
  class space    used 11330K, committed 11712K, reserved 1048576K
}
Event: 55.407 GC heap after
{Heap after GC invocations=44 (full 0):
 garbage-first heap   total 397312K, used 212045K [0x0000000726400000, 0x0000000800000000)
  region size 2048K, 1 young (2048K), 1 survivors (2048K)
 Metaspace       used 85576K, committed 86336K, reserved 1179648K
  class space    used 11330K, committed 11712K, reserved 1048576K
}
Event: 55.847 GC heap before
{Heap before GC invocations=44 (full 0):
 garbage-first heap   total 397312K, used 228429K [0x0000000726400000, 0x0000000800000000)
  region size 2048K, 9 young (18432K), 1 survivors (2048K)
 Metaspace       used 85591K, committed 86336K, reserved 1179648K
  class space    used 11330K, committed 11712K, reserved 1048576K
}
Event: 55.853 GC heap after
{Heap after GC invocations=45 (full 0):
 garbage-first heap   total 397312K, used 206015K [0x0000000726400000, 0x0000000800000000)
  region size 2048K, 1 young (2048K), 1 survivors (2048K)
 Metaspace       used 85591K, committed 86336K, reserved 1179648K
  class space    used 11330K, committed 11712K, reserved 1048576K
}
Event: 59.367 GC heap before
{Heap before GC invocations=45 (full 0):
 garbage-first heap   total 397312K, used 320703K [0x0000000726400000, 0x0000000800000000)
  region size 2048K, 57 young (116736K), 1 survivors (2048K)
 Metaspace       used 85741K, committed 86528K, reserved 1179648K
  class space    used 11330K, committed 11712K, reserved 1048576K
}
Event: 59.370 GC heap after
{Heap after GC invocations=46 (full 0):
 garbage-first heap   total 397312K, used 206069K [0x0000000726400000, 0x0000000800000000)
  region size 2048K, 1 young (2048K), 1 survivors (2048K)
 Metaspace       used 85741K, committed 86528K, reserved 1179648K
  class space    used 11330K, committed 11712K, reserved 1048576K
}
Event: 62.826 GC heap before
{Heap before GC invocations=47 (full 0):
 garbage-first heap   total 397312K, used 326901K [0x0000000726400000, 0x0000000800000000)
  region size 2048K, 60 young (122880K), 1 survivors (2048K)
 Metaspace       used 85790K, committed 86528K, reserved 1179648K
  class space    used 11330K, committed 11712K, reserved 1048576K
}
Event: 62.828 GC heap after
{Heap after GC invocations=48 (full 0):
 garbage-first heap   total 397312K, used 206188K [0x0000000726400000, 0x0000000800000000)
  region size 2048K, 1 young (2048K), 1 survivors (2048K)
 Metaspace       used 85790K, committed 86528K, reserved 1179648K
  class space    used 11330K, committed 11712K, reserved 1048576K
}
Event: 63.170 GC heap before
{Heap before GC invocations=48 (full 0):
 garbage-first heap   total 397312K, used 222572K [0x0000000726400000, 0x0000000800000000)
  region size 2048K, 9 young (18432K), 1 survivors (2048K)
 Metaspace       used 85829K, committed 86592K, reserved 1179648K
  class space    used 11333K, committed 11712K, reserved 1048576K
}
Event: 63.174 GC heap after
{Heap after GC invocations=49 (full 0):
 garbage-first heap   total 397312K, used 204080K [0x0000000726400000, 0x0000000800000000)
  region size 2048K, 1 young (2048K), 1 survivors (2048K)
 Metaspace       used 85829K, committed 86592K, reserved 1179648K
  class space    used 11333K, committed 11712K, reserved 1048576K
}
Event: 66.570 GC heap before
{Heap before GC invocations=49 (full 0):
 garbage-first heap   total 397312K, used 333104K [0x0000000726400000, 0x0000000800000000)
  region size 2048K, 64 young (131072K), 1 survivors (2048K)
 Metaspace       used 86153K, committed 86912K, reserved 1179648K
  class space    used 11346K, committed 11712K, reserved 1048576K
}
Event: 66.573 GC heap after
{Heap after GC invocations=50 (full 0):
 garbage-first heap   total 397312K, used 205972K [0x0000000726400000, 0x0000000800000000)
  region size 2048K, 2 young (4096K), 2 survivors (4096K)
 Metaspace       used 86153K, committed 86912K, reserved 1179648K
  class space    used 11346K, committed 11712K, reserved 1048576K
}
Event: 70.296 GC heap before
{Heap before GC invocations=50 (full 0):
 garbage-first heap   total 397312K, used 334996K [0x0000000726400000, 0x0000000800000000)
  region size 2048K, 65 young (133120K), 2 survivors (4096K)
 Metaspace       used 86183K, committed 86912K, reserved 1179648K
  class space    used 11346K, committed 11712K, reserved 1048576K
}
Event: 70.299 GC heap after
{Heap after GC invocations=51 (full 0):
 garbage-first heap   total 397312K, used 205824K [0x0000000726400000, 0x0000000800000000)
  region size 2048K, 2 young (4096K), 2 survivors (4096K)
 Metaspace       used 86183K, committed 86912K, reserved 1179648K
  class space    used 11346K, committed 11712K, reserved 1048576K
}
Event: 73.324 GC heap before
{Heap before GC invocations=51 (full 0):
 garbage-first heap   total 397312K, used 336896K [0x0000000726400000, 0x0000000800000000)
  region size 2048K, 66 young (135168K), 2 survivors (4096K)
 Metaspace       used 86290K, committed 87040K, reserved 1179648K
  class space    used 11346K, committed 11712K, reserved 1048576K
}
Event: 73.327 GC heap after
{Heap after GC invocations=52 (full 0):
 garbage-first heap   total 397312K, used 205886K [0x0000000726400000, 0x0000000800000000)
  region size 2048K, 2 young (4096K), 2 survivors (4096K)
 Metaspace       used 86290K, committed 87040K, reserved 1179648K
  class space    used 11346K, committed 11712K, reserved 1048576K
}

