# JRE version: OpenJDK Runtime Environment Corretto-17.0.10.7.1 (17.0.10+7) (build 17.0.10+7-LTS)
# Java VM: OpenJDK 64-Bit Server VM Corretto-17.0.10.7.1 (17.0.10+7-LTS, mixed mode, sharing, tiered, compressed oops, compressed class ptrs, g1 gc, windows-amd64)
GC Precious Log:
 CPUs: 4 total, 4 available
 Memory: 13931M
 Large Page Support: Disabled
 NUMA Support: Disabled
 Compressed Oops: Enabled (Zero based)
 Heap Region Size: 2M
 Heap Min Capacity: 8M
 Heap Initial Capacity: 218M
 Heap Max Capacity: 3484M
 Pre-touch: Disabled
 Parallel Workers: 4
 Concurrent Workers: 1
 Concurrent Refinement Workers: 4
 Periodic GC: Disabled
Heap:
 garbage-first heap   total 530432K, used 451790K [0x0000000726400000, 0x0000000800000000)
  region size 2048K, 107 young (219136K), 1 survivors (2048K)
 Metaspace       used 86823K, committed 87488K, reserved 1179648K
  class space    used 11397K, committed 11712K, reserved 1048576K
GC Heap History (20 events):
Event: 67.996 GC heap before
{Heap before GC invocations=41 (full 0):
 garbage-first heap   total 530432K, used 339405K [0x0000000726400000, 0x0000000800000000)
  region size 2048K, 63 young (129024K), 8 survivors (16384K)
 Metaspace       used 86096K, committed 86784K, reserved 1179648K
  class space    used 11383K, committed 11712K, reserved 1048576K
}
Event: 68.011 GC heap after
{Heap after GC invocations=42 (full 0):
 garbage-first heap   total 530432K, used 239922K [0x0000000726400000, 0x0000000800000000)
  region size 2048K, 8 young (16384K), 8 survivors (16384K)
 Metaspace       used 86096K, committed 86784K, reserved 1179648K
  class space    used 11383K, committed 11712K, reserved 1048576K
}
Event: 68.311 GC heap before
{Heap before GC invocations=42 (full 0):
 garbage-first heap   total 530432K, used 248114K [0x0000000726400000, 0x0000000800000000)
  region size 2048K, 12 young (24576K), 8 survivors (16384K)
 Metaspace       used 86196K, committed 86912K, reserved 1179648K
  class space    used 11385K, committed 11712K, reserved 1048576K
}
Event: 68.318 GC heap after
{Heap after GC invocations=43 (full 0):
 garbage-first heap   total 530432K, used 238795K [0x0000000726400000, 0x0000000800000000)
  region size 2048K, 2 young (4096K), 2 survivors (4096K)
 Metaspace       used 86196K, committed 86912K, reserved 1179648K
  class space    used 11385K, committed 11712K, reserved 1048576K
}
Event: 73.866 GC heap before
{Heap before GC invocations=43 (full 0):
 garbage-first heap   total 530432K, used 404683K [0x0000000726400000, 0x0000000800000000)
  region size 2048K, 83 young (169984K), 2 survivors (4096K)
 Metaspace       used 86533K, committed 87232K, reserved 1179648K
  class space    used 11391K, committed 11712K, reserved 1048576K
}
Event: 73.872 GC heap after
{Heap after GC invocations=44 (full 0):
 garbage-first heap   total 530432K, used 237139K [0x0000000726400000, 0x0000000800000000)
  region size 2048K, 1 young (2048K), 1 survivors (2048K)
 Metaspace       used 86533K, committed 87232K, reserved 1179648K
  class space    used 11391K, committed 11712K, reserved 1048576K
}
Event: 80.103 GC heap before
{Heap before GC invocations=44 (full 0):
 garbage-first heap   total 530432K, used 419411K [0x0000000726400000, 0x0000000800000000)
  region size 2048K, 90 young (184320K), 1 survivors (2048K)
 Metaspace       used 86627K, committed 87296K, reserved 1179648K
  class space    used 11391K, committed 11712K, reserved 1048576K
}
Event: 80.105 GC heap after
{Heap after GC invocations=45 (full 0):
 garbage-first heap   total 530432K, used 236678K [0x0000000726400000, 0x0000000800000000)
  region size 2048K, 1 young (2048K), 1 survivors (2048K)
 Metaspace       used 86627K, committed 87296K, reserved 1179648K
  class space    used 11391K, committed 11712K, reserved 1048576K
}
Event: 86.087 GC heap before
{Heap before GC invocations=45 (full 0):
 garbage-first heap   total 530432K, used 431238K [0x0000000726400000, 0x0000000800000000)
  region size 2048K, 96 young (196608K), 1 survivors (2048K)
 Metaspace       used 86708K, committed 87424K, reserved 1179648K
  class space    used 11392K, committed 11712K, reserved 1048576K
}
Event: 86.091 GC heap after
{Heap after GC invocations=46 (full 0):
 garbage-first heap   total 530432K, used 236685K [0x0000000726400000, 0x0000000800000000)
  region size 2048K, 1 young (2048K), 1 survivors (2048K)
 Metaspace       used 86708K, committed 87424K, reserved 1179648K
  class space    used 11392K, committed 11712K, reserved 1048576K
}
Event: 92.154 GC heap before
{Heap before GC invocations=46 (full 0):
 garbage-first heap   total 530432K, used 441485K [0x0000000726400000, 0x0000000800000000)
  region size 2048K, 101 young (206848K), 1 survivors (2048K)
 Metaspace       used 86747K, committed 87424K, reserved 1179648K
  class space    used 11395K, committed 11712K, reserved 1048576K
}
Event: 92.156 GC heap after
{Heap after GC invocations=47 (full 0):
 garbage-first heap   total 530432K, used 236746K [0x0000000726400000, 0x0000000800000000)
  region size 2048K, 1 young (2048K), 1 survivors (2048K)
 Metaspace       used 86747K, committed 87424K, reserved 1179648K
  class space    used 11395K, committed 11712K, reserved 1048576K
}
Event: 99.720 GC heap before
{Heap before GC invocations=47 (full 0):
 garbage-first heap   total 530432K, used 447690K [0x0000000726400000, 0x0000000800000000)
  region size 2048K, 104 young (212992K), 1 survivors (2048K)
 Metaspace       used 86773K, committed 87424K, reserved 1179648K
  class space    used 11395K, committed 11712K, reserved 1048576K
}
Event: 99.722 GC heap after
{Heap after GC invocations=48 (full 0):
 garbage-first heap   total 530432K, used 236812K [0x0000000726400000, 0x0000000800000000)
  region size 2048K, 1 young (2048K), 1 survivors (2048K)
 Metaspace       used 86773K, committed 87424K, reserved 1179648K
  class space    used 11395K, committed 11712K, reserved 1048576K
}
Event: 111.134 GC heap before
{Heap before GC invocations=48 (full 0):
 garbage-first heap   total 530432K, used 453900K [0x0000000726400000, 0x0000000800000000)
  region size 2048K, 107 young (219136K), 1 survivors (2048K)
 Metaspace       used 86776K, committed 87488K, reserved 1179648K
  class space    used 11395K, committed 11712K, reserved 1048576K
}
Event: 111.137 GC heap after
{Heap after GC invocations=49 (full 0):
 garbage-first heap   total 530432K, used 236858K [0x0000000726400000, 0x0000000800000000)
  region size 2048K, 1 young (2048K), 1 survivors (2048K)
 Metaspace       used 86776K, committed 87488K, reserved 1179648K
  class space    used 11395K, committed 11712K, reserved 1048576K
}
Event: 117.469 GC heap before
{Heap before GC invocations=49 (full 0):
 garbage-first heap   total 530432K, used 458042K [0x0000000726400000, 0x0000000800000000)
  region size 2048K, 109 young (223232K), 1 survivors (2048K)
 Metaspace       used 86782K, committed 87488K, reserved 1179648K
  class space    used 11395K, committed 11712K, reserved 1048576K
}
Event: 117.472 GC heap after
{Heap after GC invocations=50 (full 0):
 garbage-first heap   total 530432K, used 236834K [0x0000000726400000, 0x0000000800000000)
  region size 2048K, 1 young (2048K), 1 survivors (2048K)
 Metaspace       used 86782K, committed 87488K, reserved 1179648K
  class space    used 11395K, committed 11712K, reserved 1048576K
}
Event: 124.399 GC heap before
{Heap before GC invocations=50 (full 0):
 garbage-first heap   total 530432K, used 460066K [0x0000000726400000, 0x0000000800000000)
  region size 2048K, 110 young (225280K), 1 survivors (2048K)
 Metaspace       used 86795K, committed 87488K, reserved 1179648K
  class space    used 11395K, committed 11712K, reserved 1048576K
}
Event: 124.402 GC heap after
{Heap after GC invocations=51 (full 0):
 garbage-first heap   total 530432K, used 236750K [0x0000000726400000, 0x0000000800000000)
  region size 2048K, 1 young (2048K), 1 survivors (2048K)
 Metaspace       used 86795K, committed 87488K, reserved 1179648K
  class space    used 11395K, committed 11712K, reserved 1048576K
}

